{"/Users/danny/Library/Application Support/Alfred/Alfred.alfredpreferences/workflows/user.workflow.8E40D5B4-EF1F-41F8-B06B-C9E827511A6A/index.js": {"path":"/Users/danny/Library/Application Support/Alfred/Alfred.alfredpreferences/workflows/user.workflow.8E40D5B4-EF1F-41F8-B06B-C9E827511A6A/index.js","all":false,"statementMap":{"0":{"start":{"line":1,"column":0},"end":{"line":1,"column":24}},"1":{"start":{"line":2,"column":0},"end":{"line":2,"column":41}},"3":{"start":{"line":4,"column":0},"end":{"line":4,"column":39}},"4":{"start":{"line":5,"column":0},"end":{"line":5,"column":41}},"5":{"start":{"line":6,"column":0},"end":{"line":6,"column":41}},"6":{"start":{"line":7,"column":0},"end":{"line":7,"column":54}},"7":{"start":{"line":8,"column":0},"end":{"line":8,"column":33}},"8":{"start":{"line":9,"column":0},"end":{"line":9,"column":32}},"9":{"start":{"line":10,"column":0},"end":{"line":10,"column":22}},"11":{"start":{"line":12,"column":0},"end":{"line":12,"column":46}},"12":{"start":{"line":13,"column":0},"end":{"line":13,"column":74}},"13":{"start":{"line":14,"column":0},"end":{"line":14,"column":2}},"15":{"start":{"line":16,"column":0},"end":{"line":16,"column":49}},"16":{"start":{"line":17,"column":0},"end":{"line":17,"column":84}},"18":{"start":{"line":19,"column":0},"end":{"line":19,"column":34}},"19":{"start":{"line":20,"column":0},"end":{"line":20,"column":46}},"20":{"start":{"line":21,"column":0},"end":{"line":21,"column":44}},"21":{"start":{"line":22,"column":0},"end":{"line":22,"column":46}},"23":{"start":{"line":24,"column":0},"end":{"line":24,"column":34}},"24":{"start":{"line":25,"column":0},"end":{"line":25,"column":44}},"25":{"start":{"line":26,"column":0},"end":{"line":26,"column":47}},"27":{"start":{"line":28,"column":0},"end":{"line":28,"column":12}},"28":{"start":{"line":29,"column":0},"end":{"line":29,"column":12}},"29":{"start":{"line":30,"column":0},"end":{"line":30,"column":28}},"30":{"start":{"line":31,"column":0},"end":{"line":31,"column":24}},"31":{"start":{"line":32,"column":0},"end":{"line":32,"column":17}},"32":{"start":{"line":33,"column":0},"end":{"line":33,"column":6}},"33":{"start":{"line":34,"column":0},"end":{"line":34,"column":2}},"35":{"start":{"line":36,"column":0},"end":{"line":36,"column":40}},"36":{"start":{"line":37,"column":0},"end":{"line":37,"column":51}},"37":{"start":{"line":38,"column":0},"end":{"line":38,"column":36}},"38":{"start":{"line":39,"column":0},"end":{"line":39,"column":58}},"39":{"start":{"line":40,"column":0},"end":{"line":40,"column":4}},"40":{"start":{"line":41,"column":0},"end":{"line":41,"column":23}},"41":{"start":{"line":42,"column":0},"end":{"line":42,"column":68}},"42":{"start":{"line":43,"column":0},"end":{"line":43,"column":5}},"44":{"start":{"line":45,"column":0},"end":{"line":45,"column":55}},"45":{"start":{"line":46,"column":0},"end":{"line":46,"column":45}},"46":{"start":{"line":47,"column":0},"end":{"line":47,"column":60}},"47":{"start":{"line":48,"column":0},"end":{"line":48,"column":4}},"48":{"start":{"line":49,"column":0},"end":{"line":49,"column":35}},"49":{"start":{"line":50,"column":0},"end":{"line":50,"column":55}},"50":{"start":{"line":51,"column":0},"end":{"line":51,"column":5}},"52":{"start":{"line":53,"column":0},"end":{"line":53,"column":16}},"53":{"start":{"line":54,"column":0},"end":{"line":54,"column":2}},"55":{"start":{"line":56,"column":0},"end":{"line":56,"column":28}},"56":{"start":{"line":57,"column":0},"end":{"line":57,"column":63}},"57":{"start":{"line":58,"column":0},"end":{"line":58,"column":44}},"58":{"start":{"line":59,"column":0},"end":{"line":59,"column":48}},"59":{"start":{"line":60,"column":0},"end":{"line":60,"column":55}},"60":{"start":{"line":61,"column":0},"end":{"line":61,"column":87}},"62":{"start":{"line":63,"column":0},"end":{"line":63,"column":12}},"63":{"start":{"line":64,"column":0},"end":{"line":64,"column":15}},"64":{"start":{"line":65,"column":0},"end":{"line":65,"column":17}},"65":{"start":{"line":66,"column":0},"end":{"line":66,"column":22}},"66":{"start":{"line":67,"column":0},"end":{"line":67,"column":23}},"67":{"start":{"line":68,"column":0},"end":{"line":68,"column":6}},"68":{"start":{"line":69,"column":0},"end":{"line":69,"column":2}},"70":{"start":{"line":71,"column":0},"end":{"line":71,"column":35}},"71":{"start":{"line":72,"column":0},"end":{"line":72,"column":71}},"72":{"start":{"line":73,"column":0},"end":{"line":73,"column":84}},"73":{"start":{"line":74,"column":0},"end":{"line":74,"column":50}},"74":{"start":{"line":75,"column":0},"end":{"line":75,"column":4}},"75":{"start":{"line":76,"column":0},"end":{"line":76,"column":21}},"76":{"start":{"line":77,"column":0},"end":{"line":77,"column":94}},"77":{"start":{"line":78,"column":0},"end":{"line":78,"column":143}},"78":{"start":{"line":79,"column":0},"end":{"line":79,"column":42}},"79":{"start":{"line":80,"column":0},"end":{"line":80,"column":7}},"81":{"start":{"line":82,"column":0},"end":{"line":82,"column":64}},"82":{"start":{"line":83,"column":0},"end":{"line":83,"column":35}},"83":{"start":{"line":84,"column":0},"end":{"line":84,"column":49}},"84":{"start":{"line":85,"column":0},"end":{"line":85,"column":60}},"85":{"start":{"line":86,"column":0},"end":{"line":86,"column":8}},"86":{"start":{"line":87,"column":0},"end":{"line":87,"column":21}},"87":{"start":{"line":88,"column":0},"end":{"line":88,"column":96}},"88":{"start":{"line":89,"column":0},"end":{"line":89,"column":70}},"89":{"start":{"line":90,"column":0},"end":{"line":90,"column":45}},"90":{"start":{"line":91,"column":0},"end":{"line":91,"column":11}},"92":{"start":{"line":93,"column":0},"end":{"line":93,"column":43}},"93":{"start":{"line":94,"column":0},"end":{"line":94,"column":69}},"94":{"start":{"line":95,"column":0},"end":{"line":95,"column":21}},"95":{"start":{"line":96,"column":0},"end":{"line":96,"column":71}},"96":{"start":{"line":97,"column":0},"end":{"line":97,"column":64}},"97":{"start":{"line":98,"column":0},"end":{"line":98,"column":41}},"98":{"start":{"line":99,"column":0},"end":{"line":99,"column":11}},"99":{"start":{"line":100,"column":0},"end":{"line":100,"column":5}},"100":{"start":{"line":101,"column":0},"end":{"line":101,"column":4}},"101":{"start":{"line":102,"column":0},"end":{"line":102,"column":18}},"102":{"start":{"line":103,"column":0},"end":{"line":103,"column":2}},"104":{"start":{"line":105,"column":0},"end":{"line":105,"column":62}},"105":{"start":{"line":106,"column":0},"end":{"line":106,"column":54}},"106":{"start":{"line":107,"column":0},"end":{"line":107,"column":63}},"107":{"start":{"line":108,"column":0},"end":{"line":108,"column":108}},"109":{"start":{"line":110,"column":0},"end":{"line":110,"column":23}},"110":{"start":{"line":111,"column":0},"end":{"line":111,"column":22}},"111":{"start":{"line":112,"column":0},"end":{"line":112,"column":48}},"112":{"start":{"line":113,"column":0},"end":{"line":113,"column":84}},"113":{"start":{"line":114,"column":0},"end":{"line":114,"column":24}},"114":{"start":{"line":115,"column":0},"end":{"line":115,"column":12}},"115":{"start":{"line":116,"column":0},"end":{"line":116,"column":32}},"116":{"start":{"line":117,"column":0},"end":{"line":117,"column":22}},"117":{"start":{"line":118,"column":0},"end":{"line":118,"column":49}},"118":{"start":{"line":119,"column":0},"end":{"line":119,"column":84}},"119":{"start":{"line":120,"column":0},"end":{"line":120,"column":24}},"120":{"start":{"line":121,"column":0},"end":{"line":121,"column":12}},"121":{"start":{"line":122,"column":0},"end":{"line":122,"column":51}},"122":{"start":{"line":123,"column":0},"end":{"line":123,"column":22}},"123":{"start":{"line":124,"column":0},"end":{"line":124,"column":71}},"124":{"start":{"line":125,"column":0},"end":{"line":125,"column":47}},"125":{"start":{"line":126,"column":0},"end":{"line":126,"column":24}},"126":{"start":{"line":127,"column":0},"end":{"line":127,"column":12}},"127":{"start":{"line":128,"column":0},"end":{"line":128,"column":12}},"128":{"start":{"line":129,"column":0},"end":{"line":129,"column":13}},"129":{"start":{"line":130,"column":0},"end":{"line":130,"column":54}},"130":{"start":{"line":131,"column":0},"end":{"line":131,"column":72}},"131":{"start":{"line":132,"column":0},"end":{"line":132,"column":27}},"132":{"start":{"line":133,"column":0},"end":{"line":133,"column":15}},"134":{"start":{"line":135,"column":0},"end":{"line":135,"column":53}},"135":{"start":{"line":136,"column":0},"end":{"line":136,"column":91}},"136":{"start":{"line":137,"column":0},"end":{"line":137,"column":12}},"137":{"start":{"line":138,"column":0},"end":{"line":138,"column":32}},"138":{"start":{"line":139,"column":0},"end":{"line":139,"column":25}},"139":{"start":{"line":140,"column":0},"end":{"line":140,"column":26}},"140":{"start":{"line":141,"column":0},"end":{"line":141,"column":55}},"141":{"start":{"line":142,"column":0},"end":{"line":142,"column":68}},"142":{"start":{"line":143,"column":0},"end":{"line":143,"column":28}},"143":{"start":{"line":144,"column":0},"end":{"line":144,"column":16}},"144":{"start":{"line":145,"column":0},"end":{"line":145,"column":9}},"145":{"start":{"line":146,"column":0},"end":{"line":146,"column":5}},"146":{"start":{"line":147,"column":0},"end":{"line":147,"column":1}}},"s":{"0":1,"1":1,"3":1,"4":1,"5":97,"6":97,"7":97,"8":97,"9":97,"11":97,"12":97,"13":97,"15":1,"16":1,"18":1,"19":1,"20":16,"21":16,"23":16,"24":16,"25":16,"27":16,"28":16,"29":16,"30":16,"31":16,"32":16,"33":16,"35":1,"36":1,"37":7,"38":7,"39":7,"40":7,"41":1,"42":1,"44":6,"45":6,"46":6,"47":6,"48":7,"49":3,"50":3,"52":3,"53":3,"55":1,"56":1,"57":11,"58":11,"59":11,"60":11,"62":11,"63":11,"64":11,"65":11,"66":11,"67":11,"68":11,"70":1,"71":1,"72":10,"73":10,"74":10,"75":10,"76":10,"77":10,"78":10,"79":10,"81":10,"82":10,"83":4,"84":4,"85":4,"86":4,"87":4,"88":4,"89":4,"90":4,"92":4,"93":4,"94":4,"95":4,"96":4,"97":4,"98":4,"99":4,"100":10,"101":10,"102":10,"104":1,"105":1,"106":0,"107":0,"109":0,"110":0,"111":0,"112":0,"113":0,"114":0,"115":0,"116":0,"117":0,"118":0,"119":0,"120":0,"121":0,"122":0,"123":0,"124":0,"125":0,"126":0,"127":0,"128":0,"129":0,"130":0,"131":0,"132":0,"134":0,"135":0,"136":0,"137":0,"138":0,"139":0,"140":0,"141":0,"142":0,"143":0,"144":0,"145":0,"146":0},"branchMap":{"0":{"type":"branch","line":106,"loc":{"start":{"line":106,"column":53},"end":{"line":147,"column":1}},"locations":[{"start":{"line":106,"column":53},"end":{"line":147,"column":1}}]},"1":{"type":"branch","line":5,"loc":{"start":{"line":5,"column":28},"end":{"line":14,"column":2}},"locations":[{"start":{"line":5,"column":28},"end":{"line":14,"column":2}}]},"2":{"type":"branch","line":13,"loc":{"start":{"line":13,"column":37},"end":{"line":13,"column":61}},"locations":[{"start":{"line":13,"column":37},"end":{"line":13,"column":61}}]},"3":{"type":"branch","line":13,"loc":{"start":{"line":13,"column":62},"end":{"line":13,"column":73}},"locations":[{"start":{"line":13,"column":62},"end":{"line":13,"column":73}}]},"4":{"type":"branch","line":17,"loc":{"start":{"line":17,"column":27},"end":{"line":17,"column":83}},"locations":[{"start":{"line":17,"column":27},"end":{"line":17,"column":83}}]},"5":{"type":"branch","line":17,"loc":{"start":{"line":17,"column":40},"end":{"line":17,"column":71}},"locations":[{"start":{"line":17,"column":40},"end":{"line":17,"column":71}}]},"6":{"type":"branch","line":17,"loc":{"start":{"line":17,"column":72},"end":{"line":17,"column":83}},"locations":[{"start":{"line":17,"column":72},"end":{"line":17,"column":83}}]},"7":{"type":"branch","line":20,"loc":{"start":{"line":20,"column":33},"end":{"line":34,"column":2}},"locations":[{"start":{"line":20,"column":33},"end":{"line":34,"column":2}}]},"8":{"type":"branch","line":37,"loc":{"start":{"line":37,"column":33},"end":{"line":54,"column":2}},"locations":[{"start":{"line":37,"column":33},"end":{"line":54,"column":2}}]},"9":{"type":"branch","line":41,"loc":{"start":{"line":41,"column":22},"end":{"line":43,"column":5}},"locations":[{"start":{"line":41,"column":22},"end":{"line":43,"column":5}}]},"10":{"type":"branch","line":43,"loc":{"start":{"line":43,"column":4},"end":{"line":49,"column":20}},"locations":[{"start":{"line":43,"column":4},"end":{"line":49,"column":20}}]},"11":{"type":"branch","line":49,"loc":{"start":{"line":49,"column":20},"end":{"line":49,"column":32}},"locations":[{"start":{"line":49,"column":20},"end":{"line":49,"column":32}}]},"12":{"type":"branch","line":49,"loc":{"start":{"line":49,"column":34},"end":{"line":54,"column":2}},"locations":[{"start":{"line":49,"column":34},"end":{"line":54,"column":2}}]},"13":{"type":"branch","line":57,"loc":{"start":{"line":57,"column":30},"end":{"line":69,"column":2}},"locations":[{"start":{"line":57,"column":30},"end":{"line":69,"column":2}}]},"14":{"type":"branch","line":60,"loc":{"start":{"line":60,"column":41},"end":{"line":60,"column":54}},"locations":[{"start":{"line":60,"column":41},"end":{"line":60,"column":54}}]},"15":{"type":"branch","line":61,"loc":{"start":{"line":61,"column":51},"end":{"line":61,"column":70}},"locations":[{"start":{"line":61,"column":51},"end":{"line":61,"column":70}}]},"16":{"type":"branch","line":61,"loc":{"start":{"line":61,"column":71},"end":{"line":61,"column":86}},"locations":[{"start":{"line":61,"column":71},"end":{"line":61,"column":86}}]},"17":{"type":"branch","line":72,"loc":{"start":{"line":72,"column":30},"end":{"line":103,"column":2}},"locations":[{"start":{"line":72,"column":30},"end":{"line":103,"column":2}}]},"18":{"type":"branch","line":83,"loc":{"start":{"line":83,"column":17},"end":{"line":83,"column":32}},"locations":[{"start":{"line":83,"column":17},"end":{"line":83,"column":32}}]},"19":{"type":"branch","line":83,"loc":{"start":{"line":83,"column":34},"end":{"line":100,"column":5}},"locations":[{"start":{"line":83,"column":34},"end":{"line":100,"column":5}}]},"20":{"type":"branch","line":94,"loc":{"start":{"line":94,"column":45},"end":{"line":94,"column":56}},"locations":[{"start":{"line":94,"column":45},"end":{"line":94,"column":56}}]},"21":{"type":"branch","line":94,"loc":{"start":{"line":94,"column":57},"end":{"line":94,"column":68}},"locations":[{"start":{"line":94,"column":57},"end":{"line":94,"column":68}}]}},"b":{"0":[0],"1":[97],"2":[40],"3":[57],"4":[35],"5":[27],"6":[8],"7":[16],"8":[7],"9":[1],"10":[6],"11":[5],"12":[3],"13":[11],"14":[10],"15":[6],"16":[5],"17":[10],"18":[5],"19":[4],"20":[1],"21":[3]},"fnMap":{"0":{"name":"formatNumber","decl":{"start":{"line":5,"column":28},"end":{"line":14,"column":2}},"loc":{"start":{"line":5,"column":28},"end":{"line":14,"column":2}},"line":5},"1":{"name":"cleanNumber","decl":{"start":{"line":17,"column":27},"end":{"line":17,"column":83}},"loc":{"start":{"line":17,"column":27},"end":{"line":17,"column":83}},"line":17},"2":{"name":"calculateWithFees","decl":{"start":{"line":20,"column":33},"end":{"line":34,"column":2}},"loc":{"start":{"line":20,"column":33},"end":{"line":34,"column":2}},"line":20},"3":{"name":"parseExchangeRate","decl":{"start":{"line":37,"column":33},"end":{"line":54,"column":2}},"loc":{"start":{"line":37,"column":33},"end":{"line":54,"column":2}},"line":37},"4":{"name":"validateInputs","decl":{"start":{"line":57,"column":30},"end":{"line":69,"column":2}},"loc":{"start":{"line":57,"column":30},"end":{"line":69,"column":2}},"line":57},"5":{"name":"generateOutput","decl":{"start":{"line":72,"column":30},"end":{"line":103,"column":2}},"loc":{"start":{"line":72,"column":30},"end":{"line":103,"column":2}},"line":72}},"f":{"0":97,"1":35,"2":16,"3":7,"4":11,"5":10}}
}
